<?xml version="1.0" encoding="UTF-8"?>
<!-- Generated by org.testng.reporters.JUnitXMLReporter -->
<testsuite ignored="5" hostname="HP" failures="0" tests="4" name="RegressionTest" time="162.239" errors="0" timestamp="2023-02-18T12:24:27 IST">
  <testcase classname="com.dcpl.testcase.CreateCustomerOrderTest" name="verifyCustomerOrderOrderKindNo" time="33.734">
    <skipped/>
  </testcase> <!-- verifyCustomerOrderOrderKindNo -->
  <testcase classname="com.dcpl.testcase.CreateCustomerOrderTest" name="verifyCustomerOrderOrderKindNo" time="46.599"/>
  <testcase classname="com.dcpl.testcase.CashierReceiptPageTest" name="verifyReceiptsConfirmationByCashier" time="11.578"/>
  <testcase classname="com.dcpl.testcase.OrderConfirmationPageTest" name="verifyOrderConfirmationByOrderDate" time="14.317"/>
  <testcase classname="com.dcpl.testcase.OrderConfirmationPageTest" name="verifyOrderConfirmationByOrderNo" time="0.0">
    <ignored/>
  </testcase> <!-- verifyOrderConfirmationByOrderNo -->
  <testcase classname="com.dcpl.base.BaseClass" name="@AfterSuite afterSuite" time="0.0">
    <ignored/>
  </testcase> <!-- @AfterSuite afterSuite -->
  <testcase classname="com.dcpl.base.BaseClass" name="@AfterSuite afterSuite" time="0.0">
    <ignored/>
  </testcase> <!-- @AfterSuite afterSuite -->
  <testcase classname="com.dcpl.base.BaseClass" name="@BeforeSuite readConfig" time="0.0">
    <ignored/>
  </testcase> <!-- @BeforeSuite readConfig -->
  <testcase classname="com.dcpl.base.BaseClass" name="@BeforeSuite readConfig" time="0.0">
    <ignored/>
  </testcase> <!-- @BeforeSuite readConfig -->
</testsuite> <!-- RegressionTest -->
