<?xml version="1.0" encoding="UTF-8"?>
<!-- Generated by org.testng.reporters.JUnitXMLReporter -->
<testsuite ignored="9" hostname="HP" failures="0" tests="3" name="SmokeTest" time="59.161" errors="0" timestamp="2022-11-09T12:09:38 IST">
  <testcase classname="com.dcpl.testcase.SalesLoginPageTest" name="salesLoginTest" time="8.808"/>
  <testcase classname="com.dcpl.testcase.SalesHomePageTest" name="verifyHomeCreateDocumentMenu" time="8.82"/>
  <testcase classname="com.dcpl.testcase.SalesHomePageTest" name="verifyOrdersMenu" time="17.668"/>
  <testcase classname="com.dcpl.testcase.AddNewCustomerPageTest" name="verifyAddNewCustomerPageTest" time="0.0">
    <ignored/>
  </testcase> <!-- verifyAddNewCustomerPageTest -->
  <testcase classname="com.dcpl.testcase.AddNewCustomerPageTest" name="createCustomerDetailsTest" time="0.0">
    <ignored/>
  </testcase> <!-- createCustomerDetailsTest -->
  <testcase classname="com.dcpl.base.BaseClass" name="@AfterSuite afterSuite" time="0.0">
    <ignored/>
  </testcase> <!-- @AfterSuite afterSuite -->
  <testcase classname="com.dcpl.base.BaseClass" name="@AfterSuite afterSuite" time="0.0">
    <ignored/>
  </testcase> <!-- @AfterSuite afterSuite -->
  <testcase classname="com.dcpl.base.BaseClass" name="@AfterSuite afterSuite" time="0.0">
    <ignored/>
  </testcase> <!-- @AfterSuite afterSuite -->
  <testcase classname="com.dcpl.base.BaseClass" name="@BeforeSuite readConfig" time="0.0">
    <ignored/>
  </testcase> <!-- @BeforeSuite readConfig -->
  <testcase classname="com.dcpl.base.BaseClass" name="@BeforeSuite readConfig" time="0.0">
    <ignored/>
  </testcase> <!-- @BeforeSuite readConfig -->
  <testcase classname="com.dcpl.base.BaseClass" name="@BeforeSuite readConfig" time="0.0">
    <ignored/>
  </testcase> <!-- @BeforeSuite readConfig -->
  <testcase classname="com.dcpl.testcase.SearchCustomerPageTest" name="searchCustomerTest" time="0.0">
    <ignored/>
  </testcase> <!-- searchCustomerTest -->
</testsuite> <!-- SmokeTest -->
